{"timestamp":"2026-04-19T01:11:53.225Z","user":"USER_LOGIN","role":"Đăng nhập: admin@wanderviet.com","action":{"user":{"id":"69cb6a5c1dfb87db64708111","email":"admin@wanderviet.com","displayName":"Quản Trị Viên","role":"superadmin"}},"details":{}}
{"timestamp":"2026-04-19T01:57:29.050Z","user":"USER_LOGIN","role":"Đăng nhập: phungthuy111883@gmail.com","action":{"user":{"id":"69d0e4470d309a9604663e06","email":"phungthuy111883@gmail.com","displayName":"Thùy Phùng","role":"admin"}},"details":{}}
{"timestamp":"2026-04-19T18:05:44.431Z","user":"USER_LOGIN","role":"Đăng nhập: admin@wanderviet.com","action":{"user":{"id":"69cb6a5c1dfb87db64708111","email":"admin@wanderviet.com","displayName":"Quản Trị Viên","role":"superadmin"}},"details":{}}
{"timestamp":"2026-04-19T18:55:24.299Z","user":"USER_LOGIN","role":"Đăng nhập: phungthuy111883@gmail.com","action":{"user":{"id":"69d0e4470d309a9604663e06","email":"phungthuy111883@gmail.com","displayName":"Thùy Phùng","role":"admin"}},"details":{}}
{"timestamp":"2026-04-19T18:57:51.426Z","user":"USER_REGISTER","role":"Người dùng mới đăng ký: thuy123@it","action":{"user":{"id":"69e525af89f9fa440cbc0248","email":"thuy123@it","displayName":"THÙY - IT","role":"business"}},"details":{}}
{"timestamp":"2026-04-19T18:58:16.848Z","user":"USER_LOGIN","role":"Đăng nhập: thuy123@it","action":{"user":{"id":"69e525af89f9fa440cbc0248","email":"thuy123@it","displayName":"THÙY - IT","role":"business"}},"details":{}}
{"timestamp":"2026-04-19T19:16:40.172Z","user":"USER_LOGIN","role":"Đăng nhập: admin@wanderviet.com","action":{"user":{"id":"69cb6a5c1dfb87db64708111","email":"admin@wanderviet.com","displayName":"Quản Trị Viên","role":"superadmin"}},"details":{}}
{"timestamp":"2026-04-19T20:06:22.743Z","user":"USER_LOGIN","role":"Đăng nhập: phungthuy111883@gmail.com","action":{"user":{"id":"69d0e4470d309a9604663e06","email":"phungthuy111883@gmail.com","displayName":"Thùy Phùng","role":"admin"}},"details":{}}
{"timestamp":"2026-04-19T20:50:47.139Z","user":"USER_LOGIN","role":"Đăng nhập: thuy123@it","action":{"user":{"id":"69e525af89f9fa440cbc0248","email":"thuy123@it","displayName":"THÙY - IT","role":"business"}},"details":{}}
{"timestamp":"2026-04-19T21:39:51.776Z","user":"USER_LOGIN","role":"Đăng nhập: phungthuy111883@gmail.com","action":{"user":{"id":"69d0e4470d309a9604663e06","email":"phungthuy111883@gmail.com","displayName":"Thùy Phùng","role":"admin"}},"details":{}}
{"timestamp":"2026-04-19T21:40:21.481Z","user":"USER_LOGIN","role":"Đăng nhập: phungthuy111883@gmail.com","action":{"user":{"id":"69d0e4470d309a9604663e06","email":"phungthuy111883@gmail.com","displayName":"Thùy Phùng","role":"admin"}},"details":{}}
{"timestamp":"2026-04-19T21:40:45.076Z","user":"USER_LOGIN","role":"Đăng nhập: thuy123@it","action":{"user":{"id":"69e525af89f9fa440cbc0248","email":"thuy123@it","displayName":"THÙY - IT","role":"business"}},"details":{}}
{"timestamp":"2026-04-19T21:42:44.925Z","user":"USER_LOGIN","role":"Đăng nhập: phungthuy111883@gmail.com","action":{"user":{"id":"69d0e4470d309a9604663e06","email":"phungthuy111883@gmail.com","displayName":"Thùy Phùng","role":"admin"}},"details":{}}
{"timestamp":"2026-04-19T21:51:43.740Z","user":"USER_LOGIN","role":"Đăng nhập: phungthuy111883@gmail.com","action":{"user":{"id":"69d0e4470d309a9604663e06","email":"phungthuy111883@gmail.com","displayName":"Thùy Phùng","role":"admin"}},"details":{}}
{"timestamp":"2026-04-19T21:52:12.398Z","user":"USER_LOGIN","role":"Đăng nhập: thuy123@it","action":{"user":{"id":"69e525af89f9fa440cbc0248","email":"thuy123@it","displayName":"THÙY - IT","role":"business"}},"details":{}}
{"timestamp":"2026-04-19T22:31:12.503Z","user":"USER_LOGIN","role":"Đăng nhập: phungthuy111883@gmail.com","action":{"user":{"id":"69d0e4470d309a9604663e06","email":"phungthuy111883@gmail.com","displayName":"Thùy Phùng","role":"admin"}},"details":{}}
{"timestamp":"2026-04-19T22:31:28.355Z","user":"USER_LOGIN","role":"Đăng nhập: phungthuy111883@gmail.com","action":{"user":{"id":"69d0e4470d309a9604663e06","email":"phungthuy111883@gmail.com","displayName":"Thùy Phùng","role":"admin"}},"details":{}}
{"timestamp":"2026-04-20T01:17:23.312Z","user":"USER_LOGIN","role":"Đăng nhập: phungthuy111883@gmail.com","action":{"user":{"id":"69d0e4470d309a9604663e06","email":"phungthuy111883@gmail.com","displayName":"Thùy Phùng","role":"admin"}},"details":{}}
{"timestamp":"2026-04-20T01:17:41.910Z","user":"USER_LOGIN","role":"Đăng nhập: phungthuy111883@gmail.com","action":{"user":{"id":"69d0e4470d309a9604663e06","email":"phungthuy111883@gmail.com","displayName":"Thùy Phùng","role":"admin"}},"details":{}}
{"timestamp":"2026-04-20T01:19:31.548Z","user":"USER_LOGIN","role":"Đăng nhập: thuy123@it","action":{"user":{"id":"69e525af89f9fa440cbc0248","email":"thuy123@it","displayName":"THÙY - IT","role":"business"}},"details":{}}
{"timestamp":"2026-04-20T01:42:25.768Z","user":"USER_LOGIN","role":"Đăng nhập: phungthuy111883@gmail.com","action":{"user":{"id":"69d0e4470d309a9604663e06","email":"phungthuy111883@gmail.com","displayName":"Thùy Phùng","role":"admin"}},"details":{}}
{"timestamp":"2026-04-21T18:59:14.112Z","user":"USER_LOGIN","role":"Đăng nhập: phungthuy111883@gmail.com","action":{"user":{"id":"69d0e4470d309a9604663e06","email":"phungthuy111883@gmail.com","displayName":"Thùy Phùng","role":"admin"}},"details":{}}
{"timestamp":"2026-04-21T18:59:53.086Z","user":"USER_LOGIN","role":"Đăng nhập: thuy123@it","action":{"user":{"id":"69e525af89f9fa440cbc0248","email":"thuy123@it","displayName":"THÙY - IT","role":"business"}},"details":{}}
{"timestamp":"2026-04-21T19:00:31.139Z","user":"USER_LOGIN","role":"Đăng nhập: admin@wanderviet.com","action":{"user":{"id":"69cb6a5c1dfb87db64708111","email":"admin@wanderviet.com","displayName":"Quản Trị Viên","role":"superadmin"}},"details":{}}
{"timestamp":"2026-04-21T19:11:59.723Z","user":"USER_REGISTER","role":"Người dùng mới đăng ký: test_user_1776798719267@mail.com","action":{"user":{"id":"69e7cbff64499bc969454b6e","email":"test_user_1776798719267@mail.com","displayName":"Test User","role":"user"}},"details":{}}
{"timestamp":"2026-04-21T19:12:00.063Z","user":"USER_REGISTER","role":"Người dùng mới đăng ký: test_biz_1776798719267@mail.com","action":{"user":{"id":"69e7cc0064499bc969454b71","email":"test_biz_1776798719267@mail.com","displayName":"Test Biz","role":"business"}},"details":{}}
{"timestamp":"2026-04-21T19:12:00.275Z","user":"USER_LOGIN","role":"Đăng nhập: test_user_1776798719267@mail.com","action":{"user":{"id":"69e7cbff64499bc969454b6e","email":"test_user_1776798719267@mail.com","displayName":"Test User","role":"user"}},"details":{}}
{"timestamp":"2026-04-21T19:12:00.783Z","user":"USER_LOGIN","role":"Đăng nhập: test_biz_1776798719267@mail.com","action":{"user":{"id":"69e7cc0064499bc969454b71","email":"test_biz_1776798719267@mail.com","displayName":"Test Biz","role":"business"}},"details":{}}
{"timestamp":"2026-04-21T19:12:50.719Z","user":"USER_REGISTER","role":"Người dùng mới đăng ký: test_user2_1776798770336@mail.com","action":{"user":{"id":"69e7cc3264499bc969454b7a","email":"test_user2_1776798770336@mail.com","displayName":"Test U2","role":"user"}},"details":{}}
{"timestamp":"2026-04-21T19:12:50.950Z","user":"USER_LOGIN","role":"Đăng nhập: test_user2_1776798770336@mail.com","action":{"user":{"id":"69e7cc3264499bc969454b7a","email":"test_user2_1776798770336@mail.com","displayName":"Test U2","role":"user"}},"details":{}}
{"timestamp":"2026-04-21T19:12:51.156Z","user":"USER_LOGIN","role":"Đăng nhập: admin@wanderviet.com","action":{"user":{"id":"69cb6a5c1dfb87db64708111","email":"admin@wanderviet.com","displayName":"Quản Trị Viên","role":"superadmin"}},"details":{}}
{"timestamp":"2026-04-21T19:15:56.982Z","user":"USER_LOGIN","role":"Đăng nhập: admin@wanderviet.com","action":{"user":{"id":"69cb6a5c1dfb87db64708111","email":"admin@wanderviet.com","displayName":"Quản Trị Viên","role":"superadmin"}},"details":{}}
{"timestamp":"2026-04-21T19:16:22.886Z","user":"USER_LOGIN","role":"Đăng nhập: admin@wanderviet.com","action":{"user":{"id":"69cb6a5c1dfb87db64708111","email":"admin@wanderviet.com","displayName":"Quản Trị Viên","role":"superadmin"}},"details":{}}
{"timestamp":"2026-04-21T19:18:03.738Z","user":"USER_LOGIN","role":"Đăng nhập: admin@wanderviet.com","action":{"user":{"id":"69cb6a5c1dfb87db64708111","email":"admin@wanderviet.com","displayName":"Quản Trị Viên","role":"superadmin"}},"details":{}}
{"timestamp":"2026-04-21T19:19:58.173Z","user":"USER_LOGIN","role":"Đăng nhập: admin@wanderviet.com","action":{"user":{"id":"69cb6a5c1dfb87db64708111","email":"admin@wanderviet.com","displayName":"Quản Trị Viên","role":"superadmin"}},"details":{}}
{"timestamp":"2026-04-21T19:20:43.320Z","user":"USER_LOGIN","role":"Đăng nhập: admin@wanderviet.com","action":{"user":{"id":"69cb6a5c1dfb87db64708111","email":"admin@wanderviet.com","displayName":"Quản Trị Viên","role":"superadmin"}},"details":{}}
{"timestamp":"2026-04-21T19:21:06.757Z","user":"USER_LOGIN","role":"Đăng nhập: admin@wanderviet.com","action":{"user":{"id":"69cb6a5c1dfb87db64708111","email":"admin@wanderviet.com","displayName":"Quản Trị Viên","role":"superadmin"}},"details":{}}
{"timestamp":"2026-04-21T19:24:11.989Z","user":"USER_LOGIN","role":"Đăng nhập: admin@wanderviet.com","action":{"user":{"id":"69cb6a5c1dfb87db64708111","email":"admin@wanderviet.com","displayName":"Quản Trị Viên","role":"superadmin"}},"details":{}}
{"timestamp":"2026-04-21T19:26:38.130Z","user":"USER_LOGIN","role":"Đăng nhập: admin@wanderviet.com","action":{"user":{"id":"69cb6a5c1dfb87db64708111","email":"admin@wanderviet.com","displayName":"Quản Trị Viên","role":"superadmin"}},"details":{}}
{"timestamp":"2026-04-21T19:27:05.077Z","user":"USER_REGISTER","role":"Người dùng mới đăng ký: qa_user_1776799624683@mail.com","action":{"user":{"id":"69e7cf88f8d91bba90f8c403","email":"qa_user_1776799624683@mail.com","displayName":"QA User","role":"user"}},"details":{}}
{"timestamp":"2026-04-21T19:27:05.376Z","user":"USER_REGISTER","role":"Người dùng mới đăng ký: qa_biz_1776799624683@mail.com","action":{"user":{"id":"69e7cf89f8d91bba90f8c406","email":"qa_biz_1776799624683@mail.com","displayName":"QA Biz","role":"business"}},"details":{}}
{"timestamp":"2026-04-21T19:27:05.601Z","user":"USER_LOGIN","role":"Đăng nhập: qa_user_1776799624683@mail.com","action":{"user":{"id":"69e7cf88f8d91bba90f8c403","email":"qa_user_1776799624683@mail.com","displayName":"QA User","role":"user"}},"details":{}}
{"timestamp":"2026-04-21T19:27:06.061Z","user":"USER_LOGIN","role":"Đăng nhập: qa_biz_1776799624683@mail.com","action":{"user":{"id":"69e7cf89f8d91bba90f8c406","email":"qa_biz_1776799624683@mail.com","displayName":"QA Biz","role":"business"}},"details":{}}
{"timestamp":"2026-04-21T19:27:06.631Z","user":"USER_LOGIN","role":"Đăng nhập: admin@wanderviet.com","action":{"user":{"id":"69cb6a5c1dfb87db64708111","email":"admin@wanderviet.com","displayName":"Quản Trị Viên","role":"superadmin"}},"details":{}}
{"timestamp":"2026-04-21T19:30:12.302Z","user":"USER_REGISTER","role":"Người dùng mới đăng ký: thuy@123","action":{"user":{"id":"69e7d044f8d91bba90f8c41b","email":"thuy@123","displayName":"Thùy","role":"user"}},"details":{}}
{"timestamp":"2026-04-21T19:30:31.569Z","user":"USER_LOGIN","role":"Đăng nhập: thuy@123","action":{"user":{"id":"69e7d044f8d91bba90f8c41b","email":"thuy@123","displayName":"Thùy","role":"user"}},"details":{}}
{"timestamp":"2026-04-21T19:32:04.839Z","user":"USER_LOGIN","role":"Đăng nhập: phungthuy111883@gmail.com","action":{"user":{"id":"69d0e4470d309a9604663e06","email":"phungthuy111883@gmail.com","displayName":"Thùy Phùng","role":"admin"}},"details":{}}
{"timestamp":"2026-04-21T19:32:38.332Z","user":"USER_LOGIN","role":"Đăng nhập: phungthuy111883@gmail.com","action":{"user":{"id":"69d0e4470d309a9604663e06","email":"phungthuy111883@gmail.com","displayName":"Thùy Phùng","role":"admin"}},"details":{}}
{"timestamp":"2026-04-21T19:49:40.025Z","user":"USER_REGISTER","role":"Người dùng mới đăng ký: multi_1776800979644@test.com","action":{"user":{"id":"69e7d4d3c221f6382c451b3e","email":"multi_1776800979644@test.com","displayName":"Same Email User","role":"user"}},"details":{}}
{"timestamp":"2026-04-21T19:52:53.909Z","user":"USER_REGISTER","role":"Người dùng mới đăng ký: multi_1776801173554@test.com","action":{"user":{"id":"69e7d595c221f6382c451b41","email":"multi_1776801173554@test.com","displayName":"Same Email User","role":"user"}},"details":{}}
{"timestamp":"2026-04-21T19:52:54.715Z","user":"USER_LOGIN","role":"Đăng nhập: multi_1776801173554@test.com","action":{"user":{"id":"69e7d595c221f6382c451b41","email":"multi_1776801173554@test.com","displayName":"Same Email User","role":"user"}},"details":{}}
{"timestamp":"2026-04-21T19:57:36.845Z","user":"USER_LOGIN","role":"Đăng nhập: thuy@123","action":{"user":{"id":"69e7d044f8d91bba90f8c41b","email":"thuy@123","displayName":"Thùy","role":"user"}},"details":{}}
{"timestamp":"2026-04-21T20:10:49.262Z","user":"USER_REGISTER","role":"Người dùng mới đăng ký: ui_1776802248998@mail.com","action":{"user":{"id":"69e7d9c9ccc2156d15c6abc1","email":"ui_1776802248998@mail.com","displayName":"Ui Test","role":"user"}},"details":{}}
{"timestamp":"2026-04-21T20:17:45.703Z","user":"USER_LOGIN","role":"Đăng nhập: thuy@123","action":{"user":{"id":"69e7d044f8d91bba90f8c41b","email":"thuy@123","displayName":"Thùy","role":"user"}},"details":{}}
{"timestamp":"2026-04-21T20:38:36.662Z","user":"USER_LOGIN","role":"Đăng nhập: thuy@123","action":{"user":{"id":"69e7d044f8d91bba90f8c41b","email":"thuy@123","displayName":"Thùy","role":"user"}},"details":{}}
{"timestamp":"2026-04-21T21:21:02.516Z","user":"USER_LOGIN","role":"Đăng nhập: thuy@123","action":{"user":{"id":"69e7d044f8d91bba90f8c41b","email":"thuy@123","displayName":"Thùy","role":"user"}},"details":{}}
{"timestamp":"2026-04-22T01:27:33.800Z","user":"USER_LOGIN","role":"Đăng nhập: thuy@123","action":{"user":{"id":"69e7d044f8d91bba90f8c41b","email":"thuy@123","displayName":"Thùy","role":"user"}},"details":{}}
{"timestamp":"2026-04-22T01:28:06.542Z","user":"USER_REGISTER","role":"Người dùng mới đăng ký: 24001647@eaut","action":{"user":{"id":"69e824260f54402cea6ad35f","email":"24001647@eaut","displayName":"Phùng Vĩnh Thùy","role":"user"}},"details":{}}
{"timestamp":"2026-04-22T08:16:16.210Z","user":"USER_REGISTER","role":"Người dùng mới đăng ký: 24001647@vn","action":{"user":{"id":"69e883d0e198bb6a9e017c96","email":"24001647@vn","displayName":"Thùy","role":"user"}},"details":{}}
{"timestamp":"2026-04-23T21:45:55.237Z","user":"USER_LOGIN","role":"Đăng nhập: thuy1@gmail.com","action":{"user":{"id":"69ea5e3825457c7f377614e6","email":"thuy1@gmail.com","displayName":"Thùy #1","role":"user"}},"details":{}}
{"timestamp":"2026-04-23T22:30:59.381Z","user":"USER_LOGIN","role":"Đăng nhập: thuy1@gmail.com","action":{"user":{"id":"69ea5e3825457c7f377614e6","email":"thuy1@gmail.com","displayName":"Thùy #1","role":"user"}},"details":{}}
{"timestamp":"2026-04-23T22:31:43.662Z","user":"USER_REGISTER","role":"Người dùng mới đăng ký: thuy3@gmail.com","action":{"user":{"id":"69ea9dcf3f14a8e70a199eaf","email":"thuy3@gmail.com","displayName":"Thùy #3","role":"user"}},"details":{}}
{"timestamp":"2026-04-23T22:36:29.945Z","user":"USER_LOGIN","role":"Đăng nhập: thuy2@gmail.com","action":{"user":{"id":"69ea5f1425457c7f377614ea","email":"thuy2@gmail.com","displayName":"Thùy #2","role":"user"}},"details":{}}
{"timestamp":"2026-04-23T22:36:47.960Z","user":"USER_LOGIN","role":"Đăng nhập: thuy2@gmail.com","action":{"user":{"id":"69ea5f1425457c7f377614ea","email":"thuy2@gmail.com","displayName":"Thùy #2","role":"user"}},"details":{}}
{"timestamp":"2026-04-23T22:37:10.174Z","user":"USER_LOGIN","role":"Đăng nhập: thuy2@gmail.com","action":{"user":{"id":"69ea5f1425457c7f377614ea","email":"thuy2@gmail.com","displayName":"Thùy #2","role":"user"}},"details":{}}
{"timestamp":"2026-04-23T22:42:24.982Z","user":"USER_LOGIN","role":"Đăng nhập: thuy1@gmail.com","action":{"user":{"id":"69ea5e3825457c7f377614e6","email":"thuy1@gmail.com","displayName":"Thùy #1","role":"user"}},"details":{}}
{"timestamp":"2026-04-24T01:10:37.391Z","user":"thuy1@gmail.com","role":"user","action":"ADD_XP","description":"Hoàn thành nhiệm vụ: daily_login","details":{}}
{"timestamp":"2026-04-24T01:10:56.775Z","user":"thuy1@gmail.com","role":"user","action":"ADD_XP","description":"Hoàn thành nhiệm vụ: daily_login","details":{}}
{"timestamp":"2026-04-24T01:27:26.491Z","user":"thuy1@gmail.com","role":"user","action":"USER_LOGIN","description":"Đăng nhập: thuy1@gmail.com","details":{}}
{"timestamp":"2026-04-24T01:27:45.357Z","user":"thuy1@gmail.com","role":"user","action":"ADD_XP","description":"Hoàn thành nhiệm vụ: daily_login","details":{}}
{"timestamp":"2026-04-24T01:35:21.462Z","user":"thuy1@gmail.com","role":"user","action":"ADD_XP","description":"Hoàn thành nhiệm vụ: daily_login","details":{}}
{"timestamp":"2026-04-24T01:35:30.429Z","user":"thuy1@gmail.com","role":"user","action":"ADD_XP","description":"Hoàn thành nhiệm vụ: daily_login","details":{}}
{"timestamp":"2026-04-24T01:35:38.313Z","user":"thuy1@gmail.com","role":"user","action":"ADD_XP","description":"Hoàn thành nhiệm vụ: daily_login","details":{}}
{"timestamp":"2026-04-24T01:38:27.329Z","user":"thuy1@gmail.com","role":"user","action":"ADD_XP","description":"Hoàn thành nhiệm vụ: daily_login","details":{}}
{"timestamp":"2026-04-24T01:41:03.354Z","user":"thuy1@gmail.com","role":"user","action":"ADD_XP","description":"Hoàn thành nhiệm vụ: daily_login","details":{}}
{"timestamp":"2026-04-24T01:41:06.766Z","user":"thuy1@gmail.com","role":"user","action":"ADD_XP","description":"Hoàn thành nhiệm vụ: daily_login","details":{}}
{"timestamp":"2026-04-24T01:41:07.441Z","user":"thuy1@gmail.com","role":"user","action":"ADD_XP","description":"Hoàn thành nhiệm vụ: daily_login","details":{}}
{"timestamp":"2026-04-24T01:41:07.579Z","user":"thuy1@gmail.com","role":"user","action":"ADD_XP","description":"Hoàn thành nhiệm vụ: daily_login","details":{}}
{"timestamp":"2026-04-24T01:41:07.813Z","user":"thuy1@gmail.com","role":"user","action":"ADD_XP","description":"Hoàn thành nhiệm vụ: daily_login","details":{}}
{"timestamp":"2026-04-24T01:41:07.957Z","user":"thuy1@gmail.com","role":"user","action":"ADD_XP","description":"Hoàn thành nhiệm vụ: daily_login","details":{}}
{"timestamp":"2026-04-24T01:41:08.094Z","user":"thuy1@gmail.com","role":"user","action":"ADD_XP","description":"Hoàn thành nhiệm vụ: daily_login","details":{}}
{"timestamp":"2026-04-24T01:41:08.250Z","user":"thuy1@gmail.com","role":"user","action":"ADD_XP","description":"Hoàn thành nhiệm vụ: daily_login","details":{}}
{"timestamp":"2026-04-24T01:43:24.989Z","user":"thuy1@gmail.com","role":"user","action":"ADD_XP","description":"Hoàn thành nhiệm vụ: daily_login","details":{}}
{"timestamp":"2026-04-24T01:43:38.396Z","user":"thuy1@gmail.com","role":"user","action":"ADD_XP","description":"Hoàn thành nhiệm vụ: daily_login","details":{}}
{"timestamp":"2026-04-24T01:43:39.630Z","user":"thuy1@gmail.com","role":"user","action":"ADD_XP","description":"Hoàn thành nhiệm vụ: daily_login","details":{}}
{"timestamp":"2026-04-24T01:43:40.567Z","user":"thuy1@gmail.com","role":"user","action":"ADD_XP","description":"Hoàn thành nhiệm vụ: daily_login","details":{}}
{"timestamp":"2026-04-24T01:45:33.756Z","user":"thuy1@gmail.com","role":"user","action":"ADD_XP","description":"Hoàn thành nhiệm vụ: daily_login","details":{}}
{"timestamp":"2026-04-24T01:45:36.861Z","user":"thuy1@gmail.com","role":"user","action":"ADD_XP","description":"Hoàn thành nhiệm vụ: daily_login","details":{}}
{"timestamp":"2026-04-24T01:45:37.857Z","user":"thuy1@gmail.com","role":"user","action":"ADD_XP","description":"Hoàn thành nhiệm vụ: daily_login","details":{}}
{"timestamp":"2026-04-24T01:45:41.733Z","user":"thuy1@gmail.com","role":"user","action":"ADD_XP","description":"Hoàn thành nhiệm vụ: daily_login","details":{}}
{"timestamp":"2026-04-24T01:52:37.051Z","user":"thuy1@gmail.com","role":"user","action":"ADD_XP","description":"Hoàn thành nhiệm vụ: daily_login","details":{}}
{"timestamp":"2026-04-24T01:52:46.382Z","user":"thuy1@gmail.com","role":"user","action":"ADD_XP","description":"Hoàn thành nhiệm vụ: trip_manual","details":{}}
{"timestamp":"2026-04-24T02:04:39.243Z","user":"thuy1@gmail.com","role":"user","action":"ADD_XP","description":"Hoàn thành nhiệm vụ: trip_save","details":{}}
{"timestamp":"2026-04-24T02:05:00.475Z","user":"thuy1@gmail.com","role":"user","action":"ADD_XP","description":"Hoàn thành nhiệm vụ: explore_favorite","details":{}}
{"timestamp":"2026-04-24T02:05:38.363Z","user":"thuy1@gmail.com","role":"user","action":"ADD_XP","description":"Hoàn thành nhiệm vụ: social_board","details":{}}
{"timestamp":"2026-04-24T02:12:34.803Z","user":"thuy1@gmail.com","role":"user","action":"ADD_XP","description":"Hoàn thành nhiệm vụ: trip_create_ai","details":{}}
{"timestamp":"2026-04-24T03:03:15.658Z","user":"thuy1@gmail.com","role":"user","action":"ADD_XP","description":"Hoàn thành nhiệm vụ: trip_complete","details":{}}
{"timestamp":"2026-04-24T03:03:20.102Z","user":"thuy1@gmail.com","role":"user","action":"ADD_XP","description":"Hoàn thành nhiệm vụ: social_avatar","details":{}}
{"timestamp":"2026-04-24T03:03:23.226Z","user":"thuy1@gmail.com","role":"user","action":"ADD_XP","description":"Hoàn thành nhiệm vụ: social_profile","details":{}}
{"timestamp":"2026-04-24T03:04:20.226Z","user":"thuy2@gmail.com","role":"user","action":"USER_LOGIN","description":"Đăng nhập: thuy2@gmail.com","details":{}}
{"timestamp":"2026-04-24T03:04:28.176Z","user":"thuy2@gmail.com","role":"user","action":"ADD_XP","description":"Hoàn thành nhiệm vụ: explore_favorite","details":{}}
{"timestamp":"2026-04-24T03:04:31.436Z","user":"thuy2@gmail.com","role":"user","action":"ADD_XP","description":"Hoàn thành nhiệm vụ: social_profile","details":{}}
{"timestamp":"2026-04-24T03:04:33.773Z","user":"thuy2@gmail.com","role":"user","action":"ADD_XP","description":"Hoàn thành nhiệm vụ: social_avatar","details":{}}
{"timestamp":"2026-04-24T03:04:36.250Z","user":"thuy2@gmail.com","role":"user","action":"ADD_XP","description":"Hoàn thành nhiệm vụ: social_board","details":{}}
{"timestamp":"2026-04-24T04:19:40.839Z","user":"thuy1@gmail.com","role":"user","action":"USER_LOGIN","description":"Đăng nhập: thuy1@gmail.com","details":{}}
{"timestamp":"2026-04-24T05:52:00.356Z","user":"tester99@gmail.com","role":"user","action":"USER_REGISTER","description":"Người dùng mới đăng ký: tester99@gmail.com","details":{}}
{"timestamp":"2026-04-24T05:54:38.190Z","user":"testuser99@gmail.com","role":"user","action":"USER_REGISTER","description":"Người dùng mới đăng ký: testuser99@gmail.com","details":{}}
{"timestamp":"2026-04-24T05:56:21.623Z","user":"testuser99@gmail.com","role":"user","action":"USER_LOGIN","description":"Đăng nhập: testuser99@gmail.com","details":{}}
{"timestamp":"2026-04-24T05:58:53.560Z","user":"thuy2@gmail.com","role":"user","action":"USER_LOGIN","description":"Đăng nhập: thuy2@gmail.com","details":{}}
{"timestamp":"2026-04-24T06:20:02.890Z","user":"thuy2@gmail.com","role":"user","action":"ADD_XP","description":"Hoàn thành nhiệm vụ: daily_chat","details":{}}
{"timestamp":"2026-04-24T15:53:21.525Z","user":"thuy5@gmail.com","role":"user","action":"USER_REGISTER","description":"Người dùng mới đăng ký: thuy5@gmail.com","details":{}}
{"timestamp":"2026-04-24T16:21:29.151Z","user":"thuy5@gmail.com","role":"user","action":"ADD_XP","description":"Hoàn thành nhiệm vụ: daily_login","details":{}}
{"timestamp":"2026-04-24T16:21:30.740Z","user":"thuy5@gmail.com","role":"user","action":"ADD_XP","description":"Hoàn thành nhiệm vụ: daily_chat","details":{}}
{"timestamp":"2026-04-24T16:21:32.024Z","user":"thuy5@gmail.com","role":"user","action":"ADD_XP","description":"Hoàn thành nhiệm vụ: daily_search","details":{}}
{"timestamp":"2026-04-24T16:21:33.940Z","user":"thuy5@gmail.com","role":"user","action":"ADD_XP","description":"Hoàn thành nhiệm vụ: trip_create_ai","details":{}}
{"timestamp":"2026-04-24T16:21:36.122Z","user":"thuy5@gmail.com","role":"user","action":"ADD_XP","description":"Hoàn thành nhiệm vụ: trip_save","details":{}}
{"timestamp":"2026-04-24T16:21:39.228Z","user":"thuy5@gmail.com","role":"user","action":"ADD_XP","description":"Hoàn thành nhiệm vụ: explore_favorite","details":{}}
{"timestamp":"2026-04-24T16:21:42.119Z","user":"thuy5@gmail.com","role":"user","action":"ADD_XP","description":"Hoàn thành nhiệm vụ: social_profile","details":{}}
{"timestamp":"2026-04-24T16:21:44.359Z","user":"thuy5@gmail.com","role":"user","action":"ADD_XP","description":"Hoàn thành nhiệm vụ: social_board","details":{}}
{"timestamp":"2026-04-24T16:45:15.375Z","user":"thuy3@gmail.com","role":"user","action":"USER_LOGIN","description":"Đăng nhập: thuy3@gmail.com","details":{}}
{"timestamp":"2026-04-24T17:49:29.184Z","user":"thuy3@gmail.com","role":"user","action":"ADD_XP","description":"Hoàn thành nhiệm vụ: daily_login","details":{}}
{"timestamp":"2026-04-24T17:49:37.185Z","user":"thuy3@gmail.com","role":"user","action":"ADD_XP","description":"Hoàn thành nhiệm vụ: trip_create_ai","details":{}}
{"timestamp":"2026-04-24T17:49:40.146Z","user":"thuy3@gmail.com","role":"user","action":"ADD_XP","description":"Hoàn thành nhiệm vụ: trip_pro_planner","details":{}}
{"timestamp":"2026-04-24T17:49:42.009Z","user":"thuy3@gmail.com","role":"user","action":"ADD_XP","description":"Hoàn thành nhiệm vụ: trip_save","details":{}}
{"timestamp":"2026-04-24T17:49:45.392Z","user":"thuy3@gmail.com","role":"user","action":"ADD_XP","description":"Hoàn thành nhiệm vụ: social_board","details":{}}
{"timestamp":"2026-04-24T17:49:46.902Z","user":"thuy3@gmail.com","role":"user","action":"ADD_XP","description":"Hoàn thành nhiệm vụ: social_profile","details":{}}
{"timestamp":"2026-04-24T18:40:02.792Z","user":"thuy3@gmail.com","role":"user","action":"ADD_XP","description":"Hoàn thành nhiệm vụ: trip_complete","details":{}}
{"timestamp":"2026-04-24T19:47:47.391Z","user":"thuy3@gmail.com","role":"user","action":"ADD_XP","description":"Hoàn thành nhiệm vụ: daily_chat","details":{}}
{"timestamp":"2026-04-24T23:03:17.886Z","user":"thuy1@gmail.com","role":"user","action":"USER_LOGIN","description":"Đăng nhập: thuy1@gmail.com","details":{}}
{"timestamp":"2026-04-25T01:28:55.284Z","user":"thuy3@gmail.com","role":"user","action":"ADD_XP","description":"Hoàn thành nhiệm vụ: explore_favorite","details":{}}
